Arguments: 
  /Users/taey/.nvm/versions/node/v9.10.1/bin/node /Users/taey/.nvm/versions/node/v9.10.1/bin/yarn

PATH: 
  /Users/taey/.nvm/versions/node/v9.10.1/bin:/usr/local/bin:/usr/bin:/bin:/usr/sbin:/sbin

Yarn version: 
  1.5.1

Node version: 
  9.10.1

Platform: 
  darwin x64

npm manifest: 
  {
    "name": "react-image-map-generator",
    "version": "1.0.0",
    "description": "React - Image map generator",
    "main": "index.js",
    "scripts": {
      "start": "webpack-dev-server --host 0.0.0.0",
      "build:prod": "./node_modules/.bin/webpack --config webpack.production.config.js",
      "build:prod-verbose": "./node_modules/.bin/webpack --progress --config webpack.production.config.js"
    },
    "keywords": [],
    "author": "",
    "license": "ISC",
    "devDependencies": {
      "babel-cli": "^6.26.0",
      "babel-core": "^6.26.0",
      "babel-loader": "^7.1.4",
      "babel-preset-es2015": "^6.24.1",
      "babel-preset-react": "^6.24.1",
      "babel-preset-stage-1": "^6.24.1",
      "css-loader": "^0.28.11",
      "file-loader": "^1.1.11",
      "node-sass": "^4.8.3",
      "redux-devtools": "^3.4.1",
      "redux-devtools-dock-monitor": "^1.1.3",
      "redux-devtools-log-monitor": "^1.4.0",
      "sass-loader": "^6.0.7",
      "style-loader": "^0.20.3",
      "url-loader": "^1.0.1",
      "webpack": "^4.4.1",
      "webpack-cli": "^2.0.13",
      "webpack-dev-server": "^3.1.1"
    },
  }

yarn manifest: 
  No manifest

Lockfile: 
  No lockfile

Trace: 
  SyntaxError: /Users/taey/Documents/PlayGround/react-image-map-generator/package.json: Unexpected token } in JSON at position 1064
      at JSON.parse (<anonymous>)
      at /Users/taey/.nvm/versions/node/v9.10.1/lib/node_modules/yarn/lib/cli.js:1036:59
      at Generator.next (<anonymous>)
      at step (/Users/taey/.nvm/versions/node/v9.10.1/lib/node_modules/yarn/lib/cli.js:98:30)
      at /Users/taey/.nvm/versions/node/v9.10.1/lib/node_modules/yarn/lib/cli.js:109:13
      at <anonymous>
